[2025-04-06 22:24:46] 📥 Dados recebidos do PayHubr
Dados: {
    "raw": "{\"orderId\":\"98209611\",\"platform\":\"Skalepay\",\"paymentMethod\":\"pix\",\"status\":\"paid\",\"createdAt\":\"2025-04-06T22:24:23.000Z\",\"approvedDate\":\"2025-04-06T22:24:43.000Z\",\"paidAt\":\"2025-04-06T22:24:43.000Z\",\"refundedAt\":null,\"customer\":{\"name\":\"Alice Oliveira Martins\",\"email\":\"alice.oliveira.martins@email.com\",\"phone\":\"11999999999\",\"document\":{\"number\":\"19126495945\",\"type\":\"CPF\"},\"country\":\"BR\",\"ip\":\"44.199.161.142\"},\"items\":[{\"id\":\"PROD_67f2ff2ed8940\",\"title\":\"Libera\\u00e7\\u00e3o de Benef\\u00edcio\",\"quantity\":1,\"unitPrice\":500}],\"amount\":500,\"fee\":{\"fixedAmount\":100,\"netAmount\":380},\"trackingParameters\":[],\"isTest\":false}"
}
----------------------------------------
[2025-04-06 22:24:46] 🔄 Processando dados recebidos
Dados: {
    "orderId": "98209611",
    "platform": "Skalepay",
    "paymentMethod": "pix",
    "status": "paid",
    "createdAt": "2025-04-06T22:24:23.000Z",
    "approvedDate": "2025-04-06T22:24:43.000Z",
    "paidAt": "2025-04-06T22:24:43.000Z",
    "refundedAt": null,
    "customer": {
        "name": "Alice Oliveira Martins",
        "email": "alice.oliveira.martins@email.com",
        "phone": "11999999999",
        "document": {
            "number": "19126495945",
            "type": "CPF"
        },
        "country": "BR",
        "ip": "44.199.161.142"
    },
    "items": [
        {
            "id": "PROD_67f2ff2ed8940",
            "title": "Libera\u00e7\u00e3o de Benef\u00edcio",
            "quantity": 1,
            "unitPrice": 500
        }
    ],
    "amount": 500,
    "fee": {
        "fixedAmount": 100,
        "netAmount": 380
    },
    "trackingParameters": [],
    "isTest": false
}
----------------------------------------
[2025-04-06 22:24:46] 📤 Dados formatados para Utmify
Dados: {
    "orderId": "98209611",
    "platform": "SkalePay",
    "paymentMethod": "pix",
    "status": "paid",
    "createdAt": "2025-04-06 22:24:23",
    "approvedDate": "2025-04-06 22:24:43",
    "refundedAt": null,
    "customer": {
        "name": "Alice Oliveira Martins",
        "email": "alice.oliveira.martins@email.com",
        "phone": null,
        "document": "19126495945",
        "country": "BR",
        "ip": "2a02:4780:13:1234::c9"
    },
    "products": [
        {
            "id": "PROD_67f2ff2ed8940",
            "name": "Libera\u00e7\u00e3o de Benef\u00edcio",
            "planId": null,
            "planName": null,
            "quantity": 1,
            "priceInCents": 500
        }
    ],
    "trackingParameters": {
        "src": null,
        "sck": null,
        "utm_source": null,
        "utm_campaign": null,
        "utm_medium": null,
        "utm_content": null,
        "utm_term": null,
        "xcod": null,
        "fbclid": null,
        "gclid": null,
        "ttclid": null
    },
    "commission": {
        "totalPriceInCents": 500,
        "gatewayFeeInCents": 100,
        "userCommissionInCents": 380
    },
    "isTest": false
}
----------------------------------------
[2025-04-06 22:24:46] 📡 Enviando requisição para Utmify
Dados: {
    "url": "https:\/\/api.utmify.com.br\/api-credentials\/orders",
    "headers": [
        "Content-Type: application\/json",
        "x-api-token: [REDACTED]"
    ]
}
----------------------------------------
[2025-04-06 22:24:46] ✅ Resposta da API Utmify
Dados: {
    "http_code": 200,
    "response": {
        "OK": true,
        "data": [],
        "result": "SUCCESS"
    }
}
----------------------------------------
