[2025-04-06 21:40:06] 📥 Dados recebidos do PayHubr
Dados: {
    "raw": "{\"orderId\":98204061,\"platform\":\"SkalePay\",\"paymentMethod\":\"pix\",\"status\":\"waiting_payment\",\"createdAt\":\"2025-04-06 21:40:06\",\"approvedDate\":null,\"refundedAt\":null,\"customer\":{\"name\":\"Laura Lopes Soares\",\"email\":\"laura.lopes.soares@email.com\",\"phone\":null,\"document\":\"64437555708\",\"country\":\"BR\",\"ip\":\"2804:8734:f102:c300:8981:b4bc:fd9e:4006\"},\"products\":[{\"id\":\"PROD_67f2f4b6703dc\",\"name\":\"Doa\\u00e7\\u00e3o\",\"planId\":null,\"planName\":null,\"quantity\":1,\"priceInCents\":6190}],\"trackingParameters\":[],\"commission\":{\"totalPriceInCents\":6190,\"gatewayFeeInCents\":100,\"userCommissionInCents\":6190},\"isTest\":false}"
}
----------------------------------------
[2025-04-06 21:40:06] 🔄 Processando dados recebidos
Dados: {
    "orderId": 98204061,
    "platform": "SkalePay",
    "paymentMethod": "pix",
    "status": "waiting_payment",
    "createdAt": "2025-04-06 21:40:06",
    "approvedDate": null,
    "refundedAt": null,
    "customer": {
        "name": "Laura Lopes Soares",
        "email": "laura.lopes.soares@email.com",
        "phone": null,
        "document": "64437555708",
        "country": "BR",
        "ip": "2804:8734:f102:c300:8981:b4bc:fd9e:4006"
    },
    "products": [
        {
            "id": "PROD_67f2f4b6703dc",
            "name": "Doa\u00e7\u00e3o",
            "planId": null,
            "planName": null,
            "quantity": 1,
            "priceInCents": 6190
        }
    ],
    "trackingParameters": [],
    "commission": {
        "totalPriceInCents": 6190,
        "gatewayFeeInCents": 100,
        "userCommissionInCents": 6190
    },
    "isTest": false
}
----------------------------------------
[2025-04-06 21:40:06] 📤 Dados formatados para Utmify
Dados: {
    "orderId": 98204061,
    "platform": "PayHubr",
    "paymentMethod": "pix",
    "status": "waiting_payment",
    "createdAt": "2025-04-06 21:40:06",
    "approvedDate": null,
    "refundedAt": null,
    "customer": {
        "name": "Laura Lopes Soares",
        "email": "laura.lopes.soares@email.com",
        "phone": null,
        "document": "64437555708",
        "country": "BR",
        "ip": "2a02:4780:13:1234::c9"
    },
    "products": [
        {
            "id": "PROD_67f2f4b6703dc",
            "name": "Doa\u00e7\u00e3o",
            "planId": null,
            "planName": null,
            "quantity": 1,
            "priceInCents": 6190
        }
    ],
    "trackingParameters": {
        "src": null,
        "sck": null,
        "utm_source": null,
        "utm_campaign": null,
        "utm_medium": null,
        "utm_content": null,
        "utm_term": null,
        "xcod": null,
        "fbclid": null,
        "gclid": null,
        "ttclid": null
    },
    "commission": {
        "totalPriceInCents": 6190,
        "gatewayFeeInCents": 100,
        "userCommissionInCents": 6190
    },
    "isTest": false
}
----------------------------------------
[2025-04-06 21:40:06] 📡 Enviando requisição para Utmify
Dados: {
    "url": "https:\/\/api.utmify.com.br\/api-credentials\/orders",
    "headers": [
        "Content-Type: application\/json",
        "x-api-token: [REDACTED]"
    ]
}
----------------------------------------
[2025-04-06 21:40:06] ✅ Resposta da API Utmify
Dados: {
    "http_code": 200,
    "response": {
        "OK": true,
        "data": [],
        "result": "SUCCESS"
    }
}
----------------------------------------
[2025-04-06 21:40:22] 📥 Dados recebidos do PayHubr
Dados: {
    "raw": "{\"orderId\":98204108,\"platform\":\"SkalePay\",\"paymentMethod\":\"pix\",\"status\":\"waiting_payment\",\"createdAt\":\"2025-04-06 21:40:22\",\"approvedDate\":null,\"refundedAt\":null,\"customer\":{\"name\":\"Helena Vieira Lima\",\"email\":\"helena.vieira.lima@email.com\",\"phone\":null,\"document\":\"38634826031\",\"country\":\"BR\",\"ip\":\"2804:8734:f102:c300:8981:b4bc:fd9e:4006\"},\"products\":[{\"id\":\"PROD_67f2f4c6084d6\",\"name\":\"Doa\\u00e7\\u00e3o\",\"planId\":null,\"planName\":null,\"quantity\":1,\"priceInCents\":1990}],\"trackingParameters\":[],\"commission\":{\"totalPriceInCents\":1990,\"gatewayFeeInCents\":100,\"userCommissionInCents\":1990},\"isTest\":false}"
}
----------------------------------------
[2025-04-06 21:40:22] 🔄 Processando dados recebidos
Dados: {
    "orderId": 98204108,
    "platform": "SkalePay",
    "paymentMethod": "pix",
    "status": "waiting_payment",
    "createdAt": "2025-04-06 21:40:22",
    "approvedDate": null,
    "refundedAt": null,
    "customer": {
        "name": "Helena Vieira Lima",
        "email": "helena.vieira.lima@email.com",
        "phone": null,
        "document": "38634826031",
        "country": "BR",
        "ip": "2804:8734:f102:c300:8981:b4bc:fd9e:4006"
    },
    "products": [
        {
            "id": "PROD_67f2f4c6084d6",
            "name": "Doa\u00e7\u00e3o",
            "planId": null,
            "planName": null,
            "quantity": 1,
            "priceInCents": 1990
        }
    ],
    "trackingParameters": [],
    "commission": {
        "totalPriceInCents": 1990,
        "gatewayFeeInCents": 100,
        "userCommissionInCents": 1990
    },
    "isTest": false
}
----------------------------------------
[2025-04-06 21:40:22] 📤 Dados formatados para Utmify
Dados: {
    "orderId": 98204108,
    "platform": "PayHubr",
    "paymentMethod": "pix",
    "status": "waiting_payment",
    "createdAt": "2025-04-06 21:40:22",
    "approvedDate": null,
    "refundedAt": null,
    "customer": {
        "name": "Helena Vieira Lima",
        "email": "helena.vieira.lima@email.com",
        "phone": null,
        "document": "38634826031",
        "country": "BR",
        "ip": "2a02:4780:13:1234::c9"
    },
    "products": [
        {
            "id": "PROD_67f2f4c6084d6",
            "name": "Doa\u00e7\u00e3o",
            "planId": null,
            "planName": null,
            "quantity": 1,
            "priceInCents": 1990
        }
    ],
    "trackingParameters": {
        "src": null,
        "sck": null,
        "utm_source": null,
        "utm_campaign": null,
        "utm_medium": null,
        "utm_content": null,
        "utm_term": null,
        "xcod": null,
        "fbclid": null,
        "gclid": null,
        "ttclid": null
    },
    "commission": {
        "totalPriceInCents": 1990,
        "gatewayFeeInCents": 100,
        "userCommissionInCents": 1990
    },
    "isTest": false
}
----------------------------------------
[2025-04-06 21:40:22] 📡 Enviando requisição para Utmify
Dados: {
    "url": "https:\/\/api.utmify.com.br\/api-credentials\/orders",
    "headers": [
        "Content-Type: application\/json",
        "x-api-token: [REDACTED]"
    ]
}
----------------------------------------
[2025-04-06 21:40:22] ✅ Resposta da API Utmify
Dados: {
    "http_code": 200,
    "response": {
        "OK": true,
        "data": [],
        "result": "SUCCESS"
    }
}
----------------------------------------
[2025-04-06 21:47:48] 📥 Dados recebidos do PayHubr
Dados: {
    "raw": "{\"orderId\":98205377,\"platform\":\"SkalePay\",\"paymentMethod\":\"pix\",\"status\":\"waiting_payment\",\"createdAt\":\"2025-04-06 21:47:48\",\"approvedDate\":null,\"refundedAt\":null,\"customer\":{\"name\":\"Luiza Carvalho Rodrigues\",\"email\":\"luiza.carvalho.rodrigues@email.com\",\"phone\":null,\"document\":\"92926203128\",\"country\":\"BR\",\"ip\":\"2804:8734:f102:c300:8981:b4bc:fd9e:4006\"},\"products\":[{\"id\":\"PROD_67f2f6847f72b\",\"name\":\"Doa\\u00e7\\u00e3o\",\"planId\":null,\"planName\":null,\"quantity\":1,\"priceInCents\":1980}],\"trackingParameters\":[],\"commission\":{\"totalPriceInCents\":1980,\"gatewayFeeInCents\":100,\"userCommissionInCents\":1980},\"isTest\":false}"
}
----------------------------------------
[2025-04-06 21:47:48] 🔄 Processando dados recebidos
Dados: {
    "orderId": 98205377,
    "platform": "SkalePay",
    "paymentMethod": "pix",
    "status": "waiting_payment",
    "createdAt": "2025-04-06 21:47:48",
    "approvedDate": null,
    "refundedAt": null,
    "customer": {
        "name": "Luiza Carvalho Rodrigues",
        "email": "luiza.carvalho.rodrigues@email.com",
        "phone": null,
        "document": "92926203128",
        "country": "BR",
        "ip": "2804:8734:f102:c300:8981:b4bc:fd9e:4006"
    },
    "products": [
        {
            "id": "PROD_67f2f6847f72b",
            "name": "Doa\u00e7\u00e3o",
            "planId": null,
            "planName": null,
            "quantity": 1,
            "priceInCents": 1980
        }
    ],
    "trackingParameters": [],
    "commission": {
        "totalPriceInCents": 1980,
        "gatewayFeeInCents": 100,
        "userCommissionInCents": 1980
    },
    "isTest": false
}
----------------------------------------
[2025-04-06 21:47:48] 📤 Dados formatados para Utmify
Dados: {
    "orderId": 98205377,
    "platform": "PayHubr",
    "paymentMethod": "pix",
    "status": "waiting_payment",
    "createdAt": "2025-04-06 21:47:48",
    "approvedDate": null,
    "refundedAt": null,
    "customer": {
        "name": "Luiza Carvalho Rodrigues",
        "email": "luiza.carvalho.rodrigues@email.com",
        "phone": null,
        "document": "92926203128",
        "country": "BR",
        "ip": "2a02:4780:13:1234::c9"
    },
    "products": [
        {
            "id": "PROD_67f2f6847f72b",
            "name": "Doa\u00e7\u00e3o",
            "planId": null,
            "planName": null,
            "quantity": 1,
            "priceInCents": 1980
        }
    ],
    "trackingParameters": {
        "src": null,
        "sck": null,
        "utm_source": null,
        "utm_campaign": null,
        "utm_medium": null,
        "utm_content": null,
        "utm_term": null,
        "xcod": null,
        "fbclid": null,
        "gclid": null,
        "ttclid": null
    },
    "commission": {
        "totalPriceInCents": 1980,
        "gatewayFeeInCents": 100,
        "userCommissionInCents": 1980
    },
    "isTest": false
}
----------------------------------------
[2025-04-06 21:47:48] 📡 Enviando requisição para Utmify
Dados: {
    "url": "https:\/\/api.utmify.com.br\/api-credentials\/orders",
    "headers": [
        "Content-Type: application\/json",
        "x-api-token: [REDACTED]"
    ]
}
----------------------------------------
[2025-04-06 21:47:48] ✅ Resposta da API Utmify
Dados: {
    "http_code": 200,
    "response": {
        "OK": true,
        "data": [],
        "result": "SUCCESS"
    }
}
----------------------------------------
[2025-04-06 21:51:06] 📥 Dados recebidos do PayHubr
Dados: {
    "raw": "{\"orderId\":98205899,\"platform\":\"SkalePay\",\"paymentMethod\":\"pix\",\"status\":\"waiting_payment\",\"createdAt\":\"2025-04-06 21:51:06\",\"approvedDate\":null,\"refundedAt\":null,\"customer\":{\"name\":\"Sofia Oliveira Ribeiro\",\"email\":\"sofia.oliveira.ribeiro@email.com\",\"phone\":null,\"document\":\"87934215240\",\"country\":\"BR\",\"ip\":\"2804:8734:f102:c300:8981:b4bc:fd9e:4006\"},\"products\":[{\"id\":\"PROD_67f2f74a485be\",\"name\":\"Doa\\u00e7\\u00e3o\",\"planId\":null,\"planName\":null,\"quantity\":1,\"priceInCents\":2000}],\"trackingParameters\":[],\"commission\":{\"totalPriceInCents\":2000,\"gatewayFeeInCents\":100,\"userCommissionInCents\":2000},\"isTest\":false}"
}
----------------------------------------
[2025-04-06 21:51:06] 🔄 Processando dados recebidos
Dados: {
    "orderId": 98205899,
    "platform": "SkalePay",
    "paymentMethod": "pix",
    "status": "waiting_payment",
    "createdAt": "2025-04-06 21:51:06",
    "approvedDate": null,
    "refundedAt": null,
    "customer": {
        "name": "Sofia Oliveira Ribeiro",
        "email": "sofia.oliveira.ribeiro@email.com",
        "phone": null,
        "document": "87934215240",
        "country": "BR",
        "ip": "2804:8734:f102:c300:8981:b4bc:fd9e:4006"
    },
    "products": [
        {
            "id": "PROD_67f2f74a485be",
            "name": "Doa\u00e7\u00e3o",
            "planId": null,
            "planName": null,
            "quantity": 1,
            "priceInCents": 2000
        }
    ],
    "trackingParameters": [],
    "commission": {
        "totalPriceInCents": 2000,
        "gatewayFeeInCents": 100,
        "userCommissionInCents": 2000
    },
    "isTest": false
}
----------------------------------------
[2025-04-06 21:51:06] 📤 Dados formatados para Utmify
Dados: {
    "orderId": 98205899,
    "platform": "PayHubr",
    "paymentMethod": "pix",
    "status": "waiting_payment",
    "createdAt": "2025-04-06 21:51:06",
    "approvedDate": null,
    "refundedAt": null,
    "customer": {
        "name": "Sofia Oliveira Ribeiro",
        "email": "sofia.oliveira.ribeiro@email.com",
        "phone": null,
        "document": "87934215240",
        "country": "BR",
        "ip": "2a02:4780:13:1234::c9"
    },
    "products": [
        {
            "id": "PROD_67f2f74a485be",
            "name": "Doa\u00e7\u00e3o",
            "planId": null,
            "planName": null,
            "quantity": 1,
            "priceInCents": 2000
        }
    ],
    "trackingParameters": {
        "src": null,
        "sck": null,
        "utm_source": null,
        "utm_campaign": null,
        "utm_medium": null,
        "utm_content": null,
        "utm_term": null,
        "xcod": null,
        "fbclid": null,
        "gclid": null,
        "ttclid": null
    },
    "commission": {
        "totalPriceInCents": 2000,
        "gatewayFeeInCents": 100,
        "userCommissionInCents": 2000
    },
    "isTest": false
}
----------------------------------------
[2025-04-06 21:51:06] 📡 Enviando requisição para Utmify
Dados: {
    "url": "https:\/\/api.utmify.com.br\/api-credentials\/orders",
    "headers": [
        "Content-Type: application\/json",
        "x-api-token: [REDACTED]"
    ]
}
----------------------------------------
[2025-04-06 21:51:06] ✅ Resposta da API Utmify
Dados: {
    "http_code": 200,
    "response": {
        "OK": true,
        "data": [],
        "result": "SUCCESS"
    }
}
----------------------------------------
[2025-04-06 21:58:31] 📥 Dados recebidos do PayHubr
Dados: {
    "raw": "{\"orderId\":98206753,\"platform\":\"SkalePay\",\"paymentMethod\":\"pix\",\"status\":\"waiting_payment\",\"createdAt\":\"2025-04-06 21:58:31\",\"approvedDate\":null,\"refundedAt\":null,\"customer\":{\"name\":\"Arthur Almeida Barbosa\",\"email\":\"arthur.almeida.barbosa@email.com\",\"phone\":null,\"document\":\"30953878570\",\"country\":\"BR\",\"ip\":\"2804:8734:f102:c300:8981:b4bc:fd9e:4006\"},\"products\":[{\"id\":\"PROD_67f2f9070b675\",\"name\":\"Doa\\u00e7\\u00e3o\",\"planId\":null,\"planName\":null,\"quantity\":1,\"priceInCents\":2190}],\"trackingParameters\":[],\"commission\":{\"totalPriceInCents\":2190,\"gatewayFeeInCents\":100,\"userCommissionInCents\":2190},\"isTest\":false}"
}
----------------------------------------
[2025-04-06 21:58:31] 🔄 Processando dados recebidos
Dados: {
    "orderId": 98206753,
    "platform": "SkalePay",
    "paymentMethod": "pix",
    "status": "waiting_payment",
    "createdAt": "2025-04-06 21:58:31",
    "approvedDate": null,
    "refundedAt": null,
    "customer": {
        "name": "Arthur Almeida Barbosa",
        "email": "arthur.almeida.barbosa@email.com",
        "phone": null,
        "document": "30953878570",
        "country": "BR",
        "ip": "2804:8734:f102:c300:8981:b4bc:fd9e:4006"
    },
    "products": [
        {
            "id": "PROD_67f2f9070b675",
            "name": "Doa\u00e7\u00e3o",
            "planId": null,
            "planName": null,
            "quantity": 1,
            "priceInCents": 2190
        }
    ],
    "trackingParameters": [],
    "commission": {
        "totalPriceInCents": 2190,
        "gatewayFeeInCents": 100,
        "userCommissionInCents": 2190
    },
    "isTest": false
}
----------------------------------------
[2025-04-06 21:58:31] 📤 Dados formatados para Utmify
Dados: {
    "orderId": 98206753,
    "platform": "PayHubr",
    "paymentMethod": "pix",
    "status": "waiting_payment",
    "createdAt": "2025-04-06 21:58:31",
    "approvedDate": null,
    "refundedAt": null,
    "customer": {
        "name": "Arthur Almeida Barbosa",
        "email": "arthur.almeida.barbosa@email.com",
        "phone": null,
        "document": "30953878570",
        "country": "BR",
        "ip": "2a02:4780:13:1234::c9"
    },
    "products": [
        {
            "id": "PROD_67f2f9070b675",
            "name": "Doa\u00e7\u00e3o",
            "planId": null,
            "planName": null,
            "quantity": 1,
            "priceInCents": 2190
        }
    ],
    "trackingParameters": {
        "src": null,
        "sck": null,
        "utm_source": null,
        "utm_campaign": null,
        "utm_medium": null,
        "utm_content": null,
        "utm_term": null,
        "xcod": null,
        "fbclid": null,
        "gclid": null,
        "ttclid": null
    },
    "commission": {
        "totalPriceInCents": 2190,
        "gatewayFeeInCents": 100,
        "userCommissionInCents": 2190
    },
    "isTest": false
}
----------------------------------------
[2025-04-06 21:58:31] 📡 Enviando requisição para Utmify
Dados: {
    "url": "https:\/\/api.utmify.com.br\/api-credentials\/orders",
    "headers": [
        "Content-Type: application\/json",
        "x-api-token: [REDACTED]"
    ]
}
----------------------------------------
[2025-04-06 21:58:31] ✅ Resposta da API Utmify
Dados: {
    "http_code": 200,
    "response": {
        "OK": true,
        "data": [],
        "result": "SUCCESS"
    }
}
----------------------------------------
[2025-04-06 22:21:22] 📥 Dados recebidos do PayHubr
Dados: {
    "raw": "{\"orderId\":98209284,\"platform\":\"SkalePay\",\"paymentMethod\":\"pix\",\"status\":\"waiting_payment\",\"createdAt\":\"2025-04-06 22:21:22\",\"approvedDate\":null,\"refundedAt\":null,\"customer\":{\"name\":\"Carlos Oliveira Pereira\",\"email\":\"carlos.oliveira.pereira@email.com\",\"phone\":null,\"document\":\"99389075807\",\"country\":\"BR\",\"ip\":\"2804:8734:f102:c300:8981:b4bc:fd9e:4006\"},\"products\":[{\"id\":\"PROD_67f2fe62c7a5b\",\"name\":\"Doa\\u00e7\\u00e3o\",\"planId\":null,\"planName\":null,\"quantity\":1,\"priceInCents\":1990}],\"trackingParameters\":[],\"commission\":{\"totalPriceInCents\":1990,\"gatewayFeeInCents\":100,\"userCommissionInCents\":1990},\"isTest\":false}"
}
----------------------------------------
[2025-04-06 22:21:22] 🔄 Processando dados recebidos
Dados: {
    "orderId": 98209284,
    "platform": "SkalePay",
    "paymentMethod": "pix",
    "status": "waiting_payment",
    "createdAt": "2025-04-06 22:21:22",
    "approvedDate": null,
    "refundedAt": null,
    "customer": {
        "name": "Carlos Oliveira Pereira",
        "email": "carlos.oliveira.pereira@email.com",
        "phone": null,
        "document": "99389075807",
        "country": "BR",
        "ip": "2804:8734:f102:c300:8981:b4bc:fd9e:4006"
    },
    "products": [
        {
            "id": "PROD_67f2fe62c7a5b",
            "name": "Doa\u00e7\u00e3o",
            "planId": null,
            "planName": null,
            "quantity": 1,
            "priceInCents": 1990
        }
    ],
    "trackingParameters": [],
    "commission": {
        "totalPriceInCents": 1990,
        "gatewayFeeInCents": 100,
        "userCommissionInCents": 1990
    },
    "isTest": false
}
----------------------------------------
[2025-04-06 22:21:22] 📤 Dados formatados para Utmify
Dados: {
    "orderId": 98209284,
    "platform": "PayHubr",
    "paymentMethod": "pix",
    "status": "waiting_payment",
    "createdAt": "2025-04-06 22:21:22",
    "approvedDate": null,
    "refundedAt": null,
    "customer": {
        "name": "Carlos Oliveira Pereira",
        "email": "carlos.oliveira.pereira@email.com",
        "phone": null,
        "document": "99389075807",
        "country": "BR",
        "ip": "2a02:4780:13:1234::c9"
    },
    "products": [
        {
            "id": "PROD_67f2fe62c7a5b",
            "name": "Doa\u00e7\u00e3o",
            "planId": null,
            "planName": null,
            "quantity": 1,
            "priceInCents": 1990
        }
    ],
    "trackingParameters": {
        "src": null,
        "sck": null,
        "utm_source": null,
        "utm_campaign": null,
        "utm_medium": null,
        "utm_content": null,
        "utm_term": null,
        "xcod": null,
        "fbclid": null,
        "gclid": null,
        "ttclid": null
    },
    "commission": {
        "totalPriceInCents": 1990,
        "gatewayFeeInCents": 100,
        "userCommissionInCents": 1990
    },
    "isTest": false
}
----------------------------------------
[2025-04-06 22:21:22] 📡 Enviando requisição para Utmify
Dados: {
    "url": "https:\/\/api.utmify.com.br\/api-credentials\/orders",
    "headers": [
        "Content-Type: application\/json",
        "x-api-token: [REDACTED]"
    ]
}
----------------------------------------
[2025-04-06 22:21:23] ✅ Resposta da API Utmify
Dados: {
    "http_code": 200,
    "response": {
        "OK": true,
        "data": [],
        "result": "SUCCESS"
    }
}
----------------------------------------
[2025-04-06 22:23:07] 📥 Dados recebidos do PayHubr
Dados: {
    "raw": "{\"orderId\":98209463,\"platform\":\"SkalePay\",\"paymentMethod\":\"pix\",\"status\":\"waiting_payment\",\"createdAt\":\"2025-04-06 22:23:07\",\"approvedDate\":null,\"refundedAt\":null,\"customer\":{\"name\":\"Valentina Soares Lima\",\"email\":\"valentina.soares.lima@email.com\",\"phone\":null,\"document\":\"36894476233\",\"country\":\"BR\",\"ip\":\"2804:8734:f102:c300:8981:b4bc:fd9e:4006\"},\"products\":[{\"id\":\"PROD_67f2fecb84f14\",\"name\":\"Doa\\u00e7\\u00e3o\",\"planId\":null,\"planName\":null,\"quantity\":1,\"priceInCents\":500}],\"trackingParameters\":[],\"commission\":{\"totalPriceInCents\":500,\"gatewayFeeInCents\":100,\"userCommissionInCents\":500},\"isTest\":false}"
}
----------------------------------------
[2025-04-06 22:23:07] 🔄 Processando dados recebidos
Dados: {
    "orderId": 98209463,
    "platform": "SkalePay",
    "paymentMethod": "pix",
    "status": "waiting_payment",
    "createdAt": "2025-04-06 22:23:07",
    "approvedDate": null,
    "refundedAt": null,
    "customer": {
        "name": "Valentina Soares Lima",
        "email": "valentina.soares.lima@email.com",
        "phone": null,
        "document": "36894476233",
        "country": "BR",
        "ip": "2804:8734:f102:c300:8981:b4bc:fd9e:4006"
    },
    "products": [
        {
            "id": "PROD_67f2fecb84f14",
            "name": "Doa\u00e7\u00e3o",
            "planId": null,
            "planName": null,
            "quantity": 1,
            "priceInCents": 500
        }
    ],
    "trackingParameters": [],
    "commission": {
        "totalPriceInCents": 500,
        "gatewayFeeInCents": 100,
        "userCommissionInCents": 500
    },
    "isTest": false
}
----------------------------------------
[2025-04-06 22:23:07] 📤 Dados formatados para Utmify
Dados: {
    "orderId": 98209463,
    "platform": "PayHubr",
    "paymentMethod": "pix",
    "status": "waiting_payment",
    "createdAt": "2025-04-06 22:23:07",
    "approvedDate": null,
    "refundedAt": null,
    "customer": {
        "name": "Valentina Soares Lima",
        "email": "valentina.soares.lima@email.com",
        "phone": null,
        "document": "36894476233",
        "country": "BR",
        "ip": "2a02:4780:13:1234::c9"
    },
    "products": [
        {
            "id": "PROD_67f2fecb84f14",
            "name": "Doa\u00e7\u00e3o",
            "planId": null,
            "planName": null,
            "quantity": 1,
            "priceInCents": 500
        }
    ],
    "trackingParameters": {
        "src": null,
        "sck": null,
        "utm_source": null,
        "utm_campaign": null,
        "utm_medium": null,
        "utm_content": null,
        "utm_term": null,
        "xcod": null,
        "fbclid": null,
        "gclid": null,
        "ttclid": null
    },
    "commission": {
        "totalPriceInCents": 500,
        "gatewayFeeInCents": 100,
        "userCommissionInCents": 500
    },
    "isTest": false
}
----------------------------------------
[2025-04-06 22:23:07] 📡 Enviando requisição para Utmify
Dados: {
    "url": "https:\/\/api.utmify.com.br\/api-credentials\/orders",
    "headers": [
        "Content-Type: application\/json",
        "x-api-token: [REDACTED]"
    ]
}
----------------------------------------
[2025-04-06 22:23:07] ✅ Resposta da API Utmify
Dados: {
    "http_code": 200,
    "response": {
        "OK": true,
        "data": [],
        "result": "SUCCESS"
    }
}
----------------------------------------
[2025-04-06 22:24:24] 📥 Dados recebidos do PayHubr
Dados: {
    "raw": "{\"orderId\":98209611,\"platform\":\"SkalePay\",\"paymentMethod\":\"pix\",\"status\":\"waiting_payment\",\"createdAt\":\"2025-04-06 22:24:24\",\"approvedDate\":null,\"refundedAt\":null,\"customer\":{\"name\":\"Alice Oliveira Martins\",\"email\":\"alice.oliveira.martins@email.com\",\"phone\":null,\"document\":\"19126495945\",\"country\":\"BR\",\"ip\":\"2804:8734:f102:c300:8981:b4bc:fd9e:4006\"},\"products\":[{\"id\":\"PROD_67f2ff18a1940\",\"name\":\"Doa\\u00e7\\u00e3o\",\"planId\":null,\"planName\":null,\"quantity\":1,\"priceInCents\":500}],\"trackingParameters\":[],\"commission\":{\"totalPriceInCents\":500,\"gatewayFeeInCents\":100,\"userCommissionInCents\":500},\"isTest\":false}"
}
----------------------------------------
[2025-04-06 22:24:24] 🔄 Processando dados recebidos
Dados: {
    "orderId": 98209611,
    "platform": "SkalePay",
    "paymentMethod": "pix",
    "status": "waiting_payment",
    "createdAt": "2025-04-06 22:24:24",
    "approvedDate": null,
    "refundedAt": null,
    "customer": {
        "name": "Alice Oliveira Martins",
        "email": "alice.oliveira.martins@email.com",
        "phone": null,
        "document": "19126495945",
        "country": "BR",
        "ip": "2804:8734:f102:c300:8981:b4bc:fd9e:4006"
    },
    "products": [
        {
            "id": "PROD_67f2ff18a1940",
            "name": "Doa\u00e7\u00e3o",
            "planId": null,
            "planName": null,
            "quantity": 1,
            "priceInCents": 500
        }
    ],
    "trackingParameters": [],
    "commission": {
        "totalPriceInCents": 500,
        "gatewayFeeInCents": 100,
        "userCommissionInCents": 500
    },
    "isTest": false
}
----------------------------------------
[2025-04-06 22:24:24] 📤 Dados formatados para Utmify
Dados: {
    "orderId": 98209611,
    "platform": "PayHubr",
    "paymentMethod": "pix",
    "status": "waiting_payment",
    "createdAt": "2025-04-06 22:24:24",
    "approvedDate": null,
    "refundedAt": null,
    "customer": {
        "name": "Alice Oliveira Martins",
        "email": "alice.oliveira.martins@email.com",
        "phone": null,
        "document": "19126495945",
        "country": "BR",
        "ip": "2a02:4780:13:1234::c9"
    },
    "products": [
        {
            "id": "PROD_67f2ff18a1940",
            "name": "Doa\u00e7\u00e3o",
            "planId": null,
            "planName": null,
            "quantity": 1,
            "priceInCents": 500
        }
    ],
    "trackingParameters": {
        "src": null,
        "sck": null,
        "utm_source": null,
        "utm_campaign": null,
        "utm_medium": null,
        "utm_content": null,
        "utm_term": null,
        "xcod": null,
        "fbclid": null,
        "gclid": null,
        "ttclid": null
    },
    "commission": {
        "totalPriceInCents": 500,
        "gatewayFeeInCents": 100,
        "userCommissionInCents": 500
    },
    "isTest": false
}
----------------------------------------
[2025-04-06 22:24:24] 📡 Enviando requisição para Utmify
Dados: {
    "url": "https:\/\/api.utmify.com.br\/api-credentials\/orders",
    "headers": [
        "Content-Type: application\/json",
        "x-api-token: [REDACTED]"
    ]
}
----------------------------------------
[2025-04-06 22:24:24] ✅ Resposta da API Utmify
Dados: {
    "http_code": 200,
    "response": {
        "OK": true,
        "data": [],
        "result": "SUCCESS"
    }
}
----------------------------------------
